2025-04-23T14:03:23.760+09:00  INFO 62225 --- [item-service] [restartedMain] org.msa.item.ItemServiceApplication      : Starting ItemServiceApplication using Java 17.0.14 with PID 62225 (/Users/jun/Documents/Dev_project/java-msa/item-service/build/classes/java/main started by jun in /Users/jun/Documents/Dev_project/java-msa)
2025-04-23T14:03:23.763+09:00 DEBUG 62225 --- [item-service] [restartedMain] org.msa.item.ItemServiceApplication      : Running with Spring Boot v3.4.2, Spring v6.2.2
2025-04-23T14:03:23.764+09:00  INFO 62225 --- [item-service] [restartedMain] org.msa.item.ItemServiceApplication      : No active profile set, falling back to 1 default profile: "default"
2025-04-23T14:03:23.782+09:00  INFO 62225 --- [item-service] [restartedMain] .e.DevToolsPropertyDefaultsPostProcessor : Devtools property defaults active! Set 'spring.devtools.add-properties' to 'false' to disable
2025-04-23T14:03:23.782+09:00  INFO 62225 --- [item-service] [restartedMain] .e.DevToolsPropertyDefaultsPostProcessor : For additional web related logging consider setting the 'logging.level.web' property to 'DEBUG'
2025-04-23T14:03:24.052+09:00  INFO 62225 --- [item-service] [restartedMain] .s.d.r.c.RepositoryConfigurationDelegate : Bootstrapping Spring Data JPA repositories in DEFAULT mode.
2025-04-23T14:03:24.074+09:00  INFO 62225 --- [item-service] [restartedMain] .s.d.r.c.RepositoryConfigurationDelegate : Finished Spring Data repository scanning in 18 ms. Found 1 JPA repository interface.
2025-04-23T14:03:24.313+09:00  INFO 62225 --- [item-service] [restartedMain] o.s.b.w.embedded.tomcat.TomcatWebServer  : Tomcat initialized with port 8080 (http)
2025-04-23T14:03:24.320+09:00  INFO 62225 --- [item-service] [restartedMain] o.apache.catalina.core.StandardService   : Starting service [Tomcat]
2025-04-23T14:03:24.320+09:00  INFO 62225 --- [item-service] [restartedMain] o.apache.catalina.core.StandardEngine    : Starting Servlet engine: [Apache Tomcat/10.1.34]
2025-04-23T14:03:24.338+09:00  INFO 62225 --- [item-service] [restartedMain] o.a.c.c.C.[Tomcat].[localhost].[/]       : Initializing Spring embedded WebApplicationContext
2025-04-23T14:03:24.339+09:00  INFO 62225 --- [item-service] [restartedMain] w.s.c.ServletWebServerApplicationContext : Root WebApplicationContext: initialization completed in 557 ms
2025-04-23T14:03:24.409+09:00  INFO 62225 --- [item-service] [restartedMain] o.hibernate.jpa.internal.util.LogHelper  : HHH000204: Processing PersistenceUnitInfo [name: default]
2025-04-23T14:03:24.437+09:00  INFO 62225 --- [item-service] [restartedMain] org.hibernate.Version                    : HHH000412: Hibernate ORM core version 6.6.5.Final
2025-04-23T14:03:24.452+09:00  INFO 62225 --- [item-service] [restartedMain] o.h.c.internal.RegionFactoryInitiator    : HHH000026: Second-level cache disabled
2025-04-23T14:03:24.596+09:00  INFO 62225 --- [item-service] [restartedMain] o.s.o.j.p.SpringPersistenceUnitInfo      : No LoadTimeWeaver setup: ignoring JPA class transformer
2025-04-23T14:03:24.610+09:00  INFO 62225 --- [item-service] [restartedMain] com.zaxxer.hikari.HikariDataSource       : HikariPool-1 - Starting...
2025-04-23T14:03:24.768+09:00  INFO 62225 --- [item-service] [restartedMain] com.zaxxer.hikari.pool.HikariPool        : HikariPool-1 - Added connection com.mysql.cj.jdbc.ConnectionImpl@41d8c6d9
2025-04-23T14:03:24.769+09:00  INFO 62225 --- [item-service] [restartedMain] com.zaxxer.hikari.HikariDataSource       : HikariPool-1 - Start completed.
2025-04-23T14:03:24.791+09:00  WARN 62225 --- [item-service] [restartedMain] org.hibernate.orm.deprecation            : HHH90000025: MySQL8Dialect does not need to be specified explicitly using 'hibernate.dialect' (remove the property setting and it will be selected by default)
2025-04-23T14:03:24.792+09:00  WARN 62225 --- [item-service] [restartedMain] org.hibernate.orm.deprecation            : HHH90000026: MySQL8Dialect has been deprecated; use org.hibernate.dialect.MySQLDialect instead
2025-04-23T14:03:24.800+09:00  INFO 62225 --- [item-service] [restartedMain] org.hibernate.orm.connections.pooling    : HHH10001005: Database info:
	Database JDBC URL [Connecting through datasource 'HikariDataSource (HikariPool-1)']
	Database driver: undefined/unknown
	Database version: 8.0
	Autocommit mode: undefined/unknown
	Isolation level: undefined/unknown
	Minimum pool size: undefined/unknown
	Maximum pool size: undefined/unknown
2025-04-23T14:03:25.154+09:00  INFO 62225 --- [item-service] [restartedMain] o.h.e.t.j.p.i.JtaPlatformInitiator       : HHH000489: No JTA platform available (set 'hibernate.transaction.jta.platform' to enable JTA platform integration)
2025-04-23T14:03:25.173+09:00  INFO 62225 --- [item-service] [restartedMain] j.LocalContainerEntityManagerFactoryBean : Initialized JPA EntityManagerFactory for persistence unit 'default'
2025-04-23T14:03:25.272+09:00  WARN 62225 --- [item-service] [restartedMain] JpaBaseConfiguration$JpaWebConfiguration : spring.jpa.open-in-view is enabled by default. Therefore, database queries may be performed during view rendering. Explicitly configure spring.jpa.open-in-view to disable this warning
2025-04-23T14:03:25.430+09:00  INFO 62225 --- [item-service] [restartedMain] o.s.b.d.a.OptionalLiveReloadServer       : LiveReload server is running on port 35729
2025-04-23T14:03:25.450+09:00  INFO 62225 --- [item-service] [restartedMain] o.s.b.w.embedded.tomcat.TomcatWebServer  : Tomcat started on port 8080 (http) with context path '/'
2025-04-23T14:03:25.457+09:00  INFO 62225 --- [item-service] [restartedMain] org.msa.item.ItemServiceApplication      : Started ItemServiceApplication in 1.898 seconds (process running for 2.377)
2025-04-23T14:03:51.477+09:00  INFO 62225 --- [item-service] [http-nio-8080-exec-1] o.a.c.c.C.[Tomcat].[localhost].[/]       : Initializing Spring DispatcherServlet 'dispatcherServlet'
2025-04-23T14:03:51.478+09:00  INFO 62225 --- [item-service] [http-nio-8080-exec-1] o.s.web.servlet.DispatcherServlet        : Initializing Servlet 'dispatcherServlet'
2025-04-23T14:03:51.479+09:00  INFO 62225 --- [item-service] [http-nio-8080-exec-1] o.s.web.servlet.DispatcherServlet        : Completed initialization in 1 ms
2025-04-23T14:03:51.591+09:00 DEBUG 62225 --- [item-service] [http-nio-8080-exec-1] o.m.i.p.controller.ItemController        : request add item id = 1
